<?xml version="1.0" encoding="UTF-8"?>
<!-- Generated by org.testng.reporters.JUnitReportReporter -->
<testsuite hostname="Mahesh-DT" failures="0" tests="2" name="FrameworkDesign.Tests.ErrorValidationTest" time="14.306" errors="0" timestamp="2025-04-28T12:34:40 IST" skipped="0">
  <testcase classname="FrameworkDesign.Tests.ErrorValidationTest" name="LoginPageErrorvalidation" time="5.307"/>
  <testcase classname="FrameworkDesign.Tests.ErrorValidationTest" name="ProductPageErrorvalidation" time="8.999"/>
</testsuite> <!-- FrameworkDesign.Tests.ErrorValidationTest -->
