<?xml version="1.0" encoding="UTF-8"?>
<!-- Generated by org.testng.reporters.JUnitReportReporter -->
<testsuite hostname="Mahesh-DT" failures="0" tests="3" name="FrameworkDesign.Tests.SubmitOrderTest" time="26.372" errors="0" timestamp="2025-04-28T12:34:40 IST" skipped="0">
  <testcase classname="FrameworkDesign.Tests.SubmitOrderTest" name="SubmitOrder" time="10.409"/>
  <testcase classname="FrameworkDesign.Tests.SubmitOrderTest" name="SubmitOrder" time="11.150"/>
  <testcase classname="FrameworkDesign.Tests.SubmitOrderTest" name="OrderHistoryTest" time="4.813"/>
</testsuite> <!-- FrameworkDesign.Tests.SubmitOrderTest -->
